android/app/build/outputs/mapping/release/mapping.txt
# compiler: R8
# compiler_version: 3.3.70
# min_api: 23
# common_typos_disable
# {"id":"com.android.tools.r8.mapping","version":"2.0"}
# pg_map_id: 6a72c8e
# pg_map_hash: SHA-256 6a72c8e4684028665e9d3208143efe679003f4015716903de78657d9d27ce72e
...
io.flutter.plugins.firebase.auth.GeneratedAndroidFirebaseAuth$FirebaseAuthHostApi$$ExternalSyntheticLambda22 -> d4.q1:
# {"id":"sourceFile","fileName":"R8$$SyntheticClass"}
# {"id":"com.android.tools.r8.synthesized"}
    io.flutter.plugins.firebase.auth.GeneratedAndroidFirebaseAuth$FirebaseAuthHostApi io.flutter.plugins.firebase.auth.GeneratedAndroidFirebaseAuth$FirebaseAuthHostApi$$InternalSyntheticLambda$3$28eb0371028ba7d16100ba16d101445f921200f96d8e6cd393dece221185d9d2$9.f$0 -> a
    void io.flutter.plugins.firebase.auth.GeneratedAndroidFirebaseAuth$FirebaseAuthHostApi$$InternalSyntheticLambda$3$28eb0371028ba7d16100ba16d101445f921200f96d8e6cd393dece221185d9d2$9.<init>(io.flutter.plugins.firebase.auth.GeneratedAndroidFirebaseAuth$FirebaseAuthHostApi) -> <init>
      # {"id":"com.android.tools.r8.synthesized"}
    void io.flutter.plugins.firebase.auth.GeneratedAndroidFirebaseAuth$FirebaseAuthHostApi$$InternalSyntheticLambda$3$28eb0371028ba7d16100ba16d101445f921200f96d8e6cd393dece221185d9d2$9.onMessage(java.lang.Object,io.flutter.plugin.common.BasicMessageChannel$Reply) -> a
      # {"id":"com.android.tools.r8.synthesized"}
io.flutter.plugins.firebase.auth.GeneratedAndroidFirebaseAuth$FirebaseAuthHostApi$$ExternalSyntheticLambda3 -> d4.s1:
# {"id":"sourceFile","fileName":"R8$$SyntheticClass"}
# {"id":"com.android.tools.r8.synthesized"}
    io.flutter.plugins.firebase.auth.GeneratedAndroidFirebaseAuth$FirebaseAuthHostApi io.flutter.plugins.firebase.auth.GeneratedAndroidFirebaseAuth$FirebaseAuthHostApi$$InternalSyntheticLambda$3$28eb0371028ba7d16100ba16d101445f921200f96d8e6cd393dece221185d9d2$12.f$0 -> a
    void io.flutter.plugins.firebase.auth.GeneratedAndroidFirebaseAuth$FirebaseAuthHostApi$$InternalSyntheticLambda$3$28eb0371028ba7d16100ba16d101445f921200f96d8e6cd393dece221185d9d2$12.<init>(io.flutter.plugins.firebase.auth.GeneratedAndroidFirebaseAuth$FirebaseAuthHostApi) -> <init>
      # {"id":"com.android.tools.r8.synthesized"}
    void io.flutter.plugins.firebase.auth.GeneratedAndroidFirebaseAuth$FirebaseAuthHostApi$$InternalSyntheticLambda$3$28eb0371028ba7d16100ba16d101445f921200f96d8e6cd393dece221185d9d2$12.onMessage(java.lang.Object,io.flutter.plugin.common.BasicMessageChannel$Reply) -> a
      # {"id":"com.android.tools.r8.synthesized"}
io.flutter.plugins.firebase.auth.GeneratedAndroidFirebaseAuth$FirebaseAuthHostApi$$ExternalSyntheticLambda4 -> d4.t1:
# {"id":"sourceFile","fileName":"R8$$SyntheticClass"}
# {"id":"com.android.tools.r8.synthesized"}
    io.flutter.plugins.firebase.auth.GeneratedAndroidFirebaseAuth$FirebaseAuthHostApi io.flutter.plugins.firebase.auth.GeneratedAndroidFirebaseAuth$FirebaseAuthHostApi$$InternalSyntheticLambda$3$28eb0371028ba7d16100ba16d101445f921200f96d8e6cd393dece221185d9d2$13.f$0 -> a
    void io.flutter.plugins.firebase.auth.GeneratedAndroidFirebaseAuth$FirebaseAuthHostApi$$InternalSyntheticLambda$3$28eb0371028ba7d16100ba16d101445f921200f96d8e6cd393dece221185d9d2$13.<init>(io.flutter.plugins.firebase.auth.GeneratedAndroidFirebaseAuth$FirebaseAuthHostApi) -> <init>
      # {"id":"com.android.tools.r8.synthesized"}
    void io.flutter.plugins.firebase.auth.GeneratedAndroidFirebaseAuth$FirebaseAuthHostApi$$InternalSyntheticLambda$3$28eb0371028ba7d16100ba16d101445f921200f96d8e6cd393dece221185d9d2$13.onMessage(java.lang.Object,io.flutter.plugin.common.BasicMessageChannel$Reply) -> a
      # {"id":"com.android.tools.r8.synthesized"}