android/app/build/outputs/mapping/release/usage.txt
com.example.women_safety_empowerment_app.BuildConfig
com.example.women_safety_empowerment_app.R$attr
com.example.women_safety_empowerment_app.R$color
com.example.women_safety_empowerment_app.R$dimen
com.example.women_safety_empowerment_app.R$drawable
com.example.women_safety_empowerment_app.R$id
com.example.women_safety_empowerment_app.R$integer
com.example.women_safety_empowerment_app.R$layout
com.example.women_safety_empowerment_app.R$mipmap
com.example.women_safety_empowerment_app.R$raw
com.example.women_safety_empowerment_app.R$string
com.example.women_safety_empowerment_app.R$style
com.example.women_safety_empowerment_app.R$styleable
com.example.women_safety_empowerment_app.R$xml
com.example.women_safety_empowerment_app.R
...
com.google.common.collect.ImmutableMapValues$2
com.google.common.collect.ImmutableMapValues$SerializedForm
com.google.common.collect.ImmutableMapValues
com.google.common.collect.ImmutableMultimap$1
com.google.common.collect.ImmutableMultimap$2
com.google.common.collect.ImmutableMultimap$Builder
com.google.common.collect.ImmutableMultimap$EntryCollection
com.google.common.collect.ImmutableMultimap$FieldSettersHolder
com.google.common.collect.ImmutableMultimap$Keys
com.google.common.collect.ImmutableMultimap$KeysSerializedForm
com.google.common.collect.ImmutableMultimap$Values
com.google.common.collect.ImmutableMultimap
com.google.common.collect.ImmutableMultiset$1
com.google.common.collect.ImmutableMultiset$Builder
com.google.common.collect.ImmutableMultiset$EntrySet
com.google.common.collect.ImmutableMultiset$EntrySetSerializedForm
com.google.common.collect.ImmutableMultiset
com.google.common.collect.ImmutableMultisetGwtSerializationDependencies
com.google.common.collect.ImmutableRangeMap$1
com.google.common.collect.ImmutableRangeMap$2
com.google.common.collect.ImmutableRangeMap$Builder
com.google.common.collect.ImmutableRangeMap$SerializedForm
com.google.common.collect.ImmutableRangeMap
com.google.common.collect.ImmutableRangeSet$1
com.google.common.collect.ImmutableRangeSet$AsSet$1
com.google.common.collect.ImmutableRangeSet$AsSet$2
com.google.common.collect.ImmutableRangeSet$AsSet
com.google.common.collect.ImmutableRangeSet$AsSetSerializedForm
com.google.common.collect.ImmutableRangeSet$Builder
com.google.common.collect.ImmutableRangeSet$ComplementRanges
com.google.common.collect.ImmutableRangeSet$SerializedForm
com.google.common.collect.ImmutableRangeSet
com.google.common.collect.ImmutableSet$Builder
com.google.common.collect.ImmutableSet$SerializedForm
com.google.common.collect.ImmutableSet:
    private static final int CUTOFF
    private static final double DESIRED_LOAD_FACTOR
    static final int MAX_TABLE_SIZE
    static synthetic boolean access$000(int,int)
    static synthetic com.google.common.collect.ImmutableSet access$100(int,java.lang.Object[])
    public static com.google.common.collect.ImmutableSet$Builder builder()
    public static com.google.common.collect.ImmutableSet$Builder builderWithExpectedSize(int)
    public static com.google.common.collect.ImmutableSet copyOf(java.lang.Iterable)
    public static com.google.common.collect.ImmutableSet copyOf(java.util.Iterator)
    public static com.google.common.collect.ImmutableSet copyOf(java.lang.Object[])
    public static com.google.common.collect.ImmutableSet of(java.lang.Object,java.lang.Object)
    public static com.google.common.collect.ImmutableSet of(java.lang.Object,java.lang.Object,java.lang.Object)
    public static com.google.common.collect.ImmutableSet of(java.lang.Object,java.lang.Object,java.lang.Object,java.lang.Object)
    public static com.google.common.collect.ImmutableSet of(java.lang.Object,java.lang.Object,java.lang.Object,java.lang.Object,java.lang.Object)
    public static varargs com.google.common.collect.ImmutableSet of(java.lang.Object,java.lang.Object,java.lang.Object,java.lang.Object,java.lang.Object,java.lang.Object,java.lang.Object[])
    private void readObject(java.io.ObjectInputStream)
    java.lang.Object writeReplace()
com.google.common.collect.ImmutableSetMultimap$Builder
com.google.common.collect.ImmutableSetMultimap$EntrySet
com.google.common.collect.ImmutableSetMultimap$SetFieldSettersHolder
com.google.common.collect.ImmutableSetMultimap
com.google.common.collect.ImmutableSortedMap$1EntrySet$1
com.google.common.collect.ImmutableSortedMap$1EntrySet
com.google.common.collect.ImmutableSortedMap$Builder
com.google.common.collect.ImmutableSortedMap$SerializedForm
com.google.common.collect.ImmutableSortedMap
com.google.common.collect.ImmutableSortedMapFauxverideShim
com.google.common.collect.ImmutableSortedMultiset$Builder
com.google.common.collect.ImmutableSortedMultiset$SerializedForm